Retrieving project…
Deploying karan-aggarwals-projects/wishify
Uploading [--------------------] (0.0B/65B)
Uploading [====================] (65.0B/65B)
Inspect: https://vercel.com/karan-aggarwals-projects/wishify/2pR36gEWouX7Wk36hdc6yGZqPENe [3s]
Production: https://wishify-pwfc37dk0-karan-aggarwals-projects.vercel.app [3s]
https://wishify-pwfc37dk0-karan-aggarwals-projects.vercel.appBuilding...
Building...
Building: Running build in Washington, D.C., USA (East) – iad1
Building: Build machine configuration: 2 cores, 8 GB
Building: Retrieving list of deployment files...
Building: Previous build caches not available.
Building: Downloading 78 deployment files...
Building: Running "vercel build"
Building: Vercel CLI 53.3.2
Building: Detected `pnpm-lock.yaml` version 9 generated by pnpm@10.x with package.json#packageManager pnpm@10.33.0
Building: Running "install" command: `pnpm install`...
Building: Lockfile is up to date, resolution step is skipped
Building: Progress: resolved 1, reused 0, downloaded 0, added 0
Building: Packages: +551
Building: ++++++++++++++++++++++++++++++++++++++++++++++++++++++++++++++++++++++++++++++++
Building: Progress: resolved 551, reused 0, downloaded 15, added 0
Building: Progress: resolved 551, reused 0, downloaded 25, added 4
Building: Progress: resolved 551, reused 0, downloaded 71, added 19
Building: Progress: resolved 551, reused 0, downloaded 105, added 29
Building: Progress: resolved 551, reused 0, downloaded 120, added 33
Building: Progress: resolved 551, reused 0, downloaded 121, added 33
Building: Progress: resolved 551, reused 0, downloaded 170, added 49
Building: Progress: resolved 551, reused 0, downloaded 182, added 53
Building: Progress: resolved 551, reused 0, downloaded 242, added 75
Building: Progress: resolved 551, reused 0, downloaded 348, added 112
Building: Progress: resolved 551, reused 0, downloaded 371, added 120
Building: Progress: resolved 551, reused 0, downloaded 486, added 167
Building: Progress: resolved 551, reused 0, downloaded 543, added 183
Building: Progress: resolved 551, reused 0, downloaded 551, added 310
Building: Progress: resolved 551, reused 0, downloaded 551, added 551, done
Building: .../node_modules/@prisma/engines postinstall$ node scripts/postinstall.js
Building: .../canvas@3.2.3/node_modules/canvas install$ prebuild-install -r napi || node-gyp rebuild
Building: .../canvas@3.2.3/node_modules/canvas install: (node:156) [DEP0176] DeprecationWarning: fs.R_OK is deprecated, use fs.constants.R_OK instead
Building: .../canvas@3.2.3/node_modules/canvas install: (Use `node --trace-deprecation ...` to show where the warning was created)
Building: .../canvas@3.2.3/node_modules/canvas install: Done
Building: .../node_modules/@prisma/engines postinstall: Done
Building: .../node_modules/prisma preinstall$ node scripts/preinstall-entry.js
Building: .../node_modules/prisma preinstall: Done
Building: dependencies:
Building: + @neondatabase/serverless 1.1.0
Building: + @prisma/adapter-neon 7.8.0
Building: + @prisma/client 7.8.0
Building: + animejs 4.4.1
Building: + better-auth 1.6.10
Building: + class-variance-authority 0.7.1
Building: + cloudinary 2.10.0
Building: + clsx 2.1.1
Building: + dotenv 17.4.2
Building: + fabric 7.3.1
Building: + lucide-react 1.14.0
Building: + motion 12.38.0
Building: + next 16.2.6
Building: + react 19.2.4
Building: + react-dom 19.2.4
Building: + tailwind-merge 3.6.0
Building: devDependencies:
Building: + @tailwindcss/postcss 4.3.0
Building: + @types/node 20.19.40
Building: + @types/react 19.2.14
Building: + @types/react-dom 19.2.3
Building: + eslint 9.39.4
Building: + eslint-config-next 16.2.6
Building: + prisma 7.8.0
Building: + tailwindcss 4.3.0
Building: + ts-node 10.9.2
Building: + typescript 5.9.3
Building: . postinstall$ prisma generate
Building: . postinstall: Loaded Prisma config from prisma.config.ts.
Building: . postinstall: Prisma schema loaded from prisma/schema.prisma.
Building: . postinstall: ✔ Generated Prisma Client (v7.8.0) to ./node_modules/.pnpm/@prisma+client@7.8.0_prisma@7.8.0_@types+react-dom@19.2.3_@types+react@19.2.14__@types+_56de0e0ff1513c5868510324fbbffcfc/node_modules/@prisma/client in 142ms
Building: . postinstall: Start by importing your Prisma Client (See: https://pris.ly/d/importing-client)
Building: . postinstall: Done
Building: Done in 18.5s using pnpm v10.33.0
Building: Detected Next.js version: 16.2.6
Building: Running "pnpm prisma generate && pnpm build"
Building: Loaded Prisma config from prisma.config.ts.
Building: Prisma schema loaded from prisma/schema.prisma.
Building: ✔ Generated Prisma Client (v7.8.0) to ./node_modules/.pnpm/@prisma+client@7.8.0_prisma@7.8.0_@types+react-dom@19.2.3_@types+react@19.2.14__@types+_56de0e0ff1513c5868510324fbbffcfc/node_modules/@prisma/client in 119ms
Building: Start by importing your Prisma Client (See: https://pris.ly/d/importing-client)
Building: > wishify@0.1.0 build /vercel/path0
Building: > prisma generate && next build
Building: Loaded Prisma config from prisma.config.ts.
Building: Prisma schema loaded from prisma/schema.prisma.
Building: ✔ Generated Prisma Client (v7.8.0) to ./node_modules/.pnpm/@prisma+client@7.8.0_prisma@7.8.0_@types+react-dom@19.2.3_@types+react@19.2.14__@types+_56de0e0ff1513c5868510324fbbffcfc/node_modules/@prisma/client in 122ms
Building: Start by importing your Prisma Client (See: https://pris.ly/d/importing-client)
Building: Applying modifyConfig from Vercel
Building: Attention: Next.js now collects completely anonymous telemetry regarding usage.
Building: This information is used to shape Next.js' roadmap and prioritize features.
Building: You can learn more, including how to opt-out if you'd not like to participate in this anonymous program, by visiting the following URL:
Building: https://nextjs.org/telemetry
Building: ▲ Next.js 16.2.6 (Turbopack)
Building: - Environments: .env
Building: - Experiments (use with caution):
Building: · optimizePackageImports
Building: Creating an optimized production build ...
Building: > Build error occurred
Building: Error: Turbopack build failed with 1 errors:
Building: ./src/proxy.ts
Building: Proxy is missing expected function export name
Building: This function is what Next.js runs for every request handled by this proxy (previously called middleware).
Building: Why this happens:
Building: - You are migrating from `middleware` to `proxy`, but haven't updated the exported function.
Building: - The file exists but doesn't export a function.
Building: - The export is not a function (e.g., an object or constant).
Building: - There's a syntax error preventing the export from being recognized.
Building: To fix it:
Building: - Ensure this file has either a default or "proxy" function export.
Building: Learn more: https://nextjs.org/docs/messages/middleware-to-proxy
Building: at ignore-listed frames
Building: ELIFECYCLE  Command failed with exit code 1.
Building: Error: Command "pnpm prisma generate && pnpm build" exited with 1
Error: Command "pnpm prisma generate && pnpm build" exited with 1
